<?xml version="1.0" encoding="UTF-8"?>
<testsuites name="Test Suite" tests="3" failures="1" errors="0" time="1.234">
  <testsuite name="com.example.MyTest" tests="3" failures="1" errors="0" time="1.234">
    <testcase name="testOne" classname="com.example.MyTest" time="0.5"/>
    <testcase name="testTwo" classname="com.example.MyTest" time="0.4">
      <failure message="Expected true but was false" type="AssertionError">
        Expected true but was false
        at com.example.MyTest.testTwo(MyTest.java:42)
      </failure>
    </testcase>
    <testcase name="testThree" classname="com.example.MyTest" time="0.334"/>
  </testsuite>
</testsuites>
